<?xml version="1.0" encoding="UTF-8"?>
<testng-results skipped="0" failed="0" ignored="0" total="1" passed="1">
  <reporter-output>
  </reporter-output>
  <suite name="Default suite" duration-ms="31537" started-at="2019-11-15T18:46:18 EST" finished-at="2019-11-15T18:46:50 EST">
    <groups>
    </groups>
    <test name="Default test" duration-ms="31537" started-at="2019-11-15T18:46:18 EST" finished-at="2019-11-15T18:46:50 EST">
      <class name="SpicejetWebAutomation.SpicejetAutomation.TestRun">
        <test-method status="PASS" signature="home()[pri:0, instance:SpicejetWebAutomation.SpicejetAutomation.TestRun@23e028a9]" name="home" duration-ms="31501" started-at="2019-11-15T18:46:18 EST" finished-at="2019-11-15T18:46:50 EST">
          <reporter-output>
          </reporter-output>
        </test-method> <!-- home -->
      </class> <!-- SpicejetWebAutomation.SpicejetAutomation.TestRun -->
    </test> <!-- Default test -->
  </suite> <!-- Default suite -->
</testng-results>
